<!DOCTYPE html PUBLIC "-//W3C//DTD XHTML 1.1//EN" "https://www.w3.org/TR/xhtml11/DTD/xhtml11.dtd">
<html xmlns="https://www.w3.org/1999/xhtml">
<head>
<meta http-equiv="content-type" content="text/html; charset=UTF-8"/>
<title>TestNG Report</title>
<style type="text/css">table {margin-bottom:10px;border-collapse:collapse;empty-cells:show}th,td {border:1px solid #009;padding:.25em .5em}th {vertical-align:bottom}td {vertical-align:top}table a {font-weight:bold}.stripe td {background-color: #E6EBF9}.num {text-align:right}.passedodd td {background-color: #3F3}.passedeven td {background-color: #0A0}.skippedodd td {background-color: #DDD}.skippedeven td {background-color: #CCC}.failedodd td,.attn {background-color: #F33}.failedeven td,.stripe .attn {background-color: #D00}.stacktrace {white-space:pre;font-family:monospace}.totop {font-size:85%;text-align:center;border-bottom:2px solid #000}.invisible {display:none}</style>
</head>
<body>
<table>
<tr><th>Test</th><th># Passed</th><th># Skipped</th><th># Retried</th><th># Failed</th><th>Time (ms)</th><th>Included Groups</th><th>Excluded Groups</th></tr>
<tr><th colspan="8">Regression Suite</th></tr>
<tr><td><a href="#t0">Regression Test</a></td><td class="num">4</td><td class="num">0</td><td class="num">0</td><td class="num attn">2</td><td class="num">159,558</td><td></td><td></td></tr>
</table>
<table id='summary'><thead><tr><th>Class</th><th>Method</th><th>Start</th><th>Time (ms)</th></tr></thead><tbody><tr><th colspan="4">Regression Suite</th></tr></tbody><tbody id="t0"><tr><th colspan="4">Regression Test &#8212; failed</th></tr><tr class="failedeven"><td rowspan="2">ai.ds.testlayer.BuyShare</td><td><a href="#m0">buyFunctionalityWIPRO</a></td><td rowspan="2">1670508057843</td><td rowspan="2">27714</td></tr><tr class="failedeven"><td><a href="#m1">buyFunctionalityWIPRO</a></td></tr><tr><th colspan="4">Regression Test &#8212; passed</th></tr><tr class="passedeven"><td rowspan="2">ai.ds.testlayer.BuyShare</td><td><a href="#m2">buyFunctionalityWIPRO</a></td><td rowspan="2">1670508034297</td><td rowspan="2">7537</td></tr><tr class="passedeven"><td><a href="#m3">buyFunctionalityWIPRO</a></td></tr><tr class="passedodd"><td rowspan="1">ai.ds.testlayer.LoginPageTest</td><td><a href="#m4">verifyLoginTest</a></td><td rowspan="1">1670508023171</td><td rowspan="1">28</td></tr><tr class="passedeven"><td rowspan="1">ai.ds.testlayer.TransactionsTest</td><td><a href="#m5">getDataFromTransactions</a></td><td rowspan="1">1670508161259</td><td rowspan="1">8502</td></tr></tbody>
</table>
<h2>Regression Test</h2><h3 id="m0">ai.ds.testlayer.BuyShare#buyFunctionalityWIPRO</h3><table class="result"><tr class="param"><th>Parameter #1</th></tr><tr class="param stripe"><td>AXIS</td></tr><tr><th>Exception</th></tr><tr><td><div class="stacktrace">org.openqa.selenium.NoSuchElementException: no such element: Unable to locate element: {&quot;method&quot;:&quot;xpath&quot;,&quot;selector&quot;:&quot;//div[text()=&apos;Order Created successfully&apos;]&quot;}
  (Session info: chrome=108.0.5359.96)
For documentation on this error, please visit: https://selenium.dev/exceptions/#no_such_element
Build info: version: &apos;4.5.3&apos;, revision: &apos;4b786a1e430&apos;
System info: os.name: &apos;Windows 10&apos;, os.arch: &apos;amd64&apos;, os.version: &apos;10.0&apos;, java.version: &apos;17&apos;
Driver info: org.openqa.selenium.chrome.ChromeDriver
Command: [8594b393309e6866d6b898312298763c, findElement {using=xpath, value=//div[text()=&apos;Order Created successfully&apos;]}]
Capabilities {acceptInsecureCerts: false, browserName: chrome, browserVersion: 108.0.5359.96, chrome: {chromedriverVersion: 108.0.5359.71 (1e0e3868ee06..., userDataDir: C:\Users\232338\AppData\Loc...}, goog:chromeOptions: {debuggerAddress: localhost:59993}, networkConnectionEnabled: false, pageLoadStrategy: normal, platformName: WINDOWS, proxy: Proxy(), se:cdp: ws://localhost:59993/devtoo..., se:cdpVersion: 108.0.5359.96, setWindowRect: true, strictFileInteractability: false, timeouts: {implicit: 0, pageLoad: 300000, script: 30000}, unhandledPromptBehavior: dismiss and notify, webauthn:extension:credBlob: true, webauthn:extension:largeBlob: true, webauthn:virtualAuthenticators: true}
Session ID: 8594b393309e6866d6b898312298763c
	at org.openqa.selenium.remote.codec.w3c.W3CHttpResponseCodec.createException(W3CHttpResponseCodec.java:200)
	at org.openqa.selenium.remote.codec.w3c.W3CHttpResponseCodec.decode(W3CHttpResponseCodec.java:133)
	at org.openqa.selenium.remote.codec.w3c.W3CHttpResponseCodec.decode(W3CHttpResponseCodec.java:53)
	at org.openqa.selenium.remote.HttpCommandExecutor.execute(HttpCommandExecutor.java:184)
	at org.openqa.selenium.remote.service.DriverCommandExecutor.invokeExecute(DriverCommandExecutor.java:167)
	at org.openqa.selenium.remote.service.DriverCommandExecutor.execute(DriverCommandExecutor.java:142)
	at org.openqa.selenium.remote.RemoteWebDriver.execute(RemoteWebDriver.java:541)
	at org.openqa.selenium.remote.ElementLocation$ElementFinder$2.findElement(ElementLocation.java:162)
	at org.openqa.selenium.remote.ElementLocation.findElement(ElementLocation.java:60)
	at org.openqa.selenium.remote.RemoteWebDriver.findElement(RemoteWebDriver.java:365)
	at org.openqa.selenium.remote.RemoteWebDriver.findElement(RemoteWebDriver.java:357)
	at org.openqa.selenium.support.pagefactory.DefaultElementLocator.findElement(DefaultElementLocator.java:70)
	at org.openqa.selenium.support.pagefactory.internal.LocatingElementHandler.invoke(LocatingElementHandler.java:39)
	at jdk.proxy2/jdk.proxy2.$Proxy19.getText(Unknown Source)
	at ai.ds.pagelayer.ExchangePage.getStatus(ExchangePage.java:47)
	at ai.ds.testlayer.BuyShare.buyFunctionalityWIPRO(BuyShare.java:34)
	at java.base/java.util.ArrayList.forEach(ArrayList.java:1511)
... Removed 32 stack frames</div></td></tr></table><p class="totop"><a href="#summary">back to summary</a></p>
<h3 id="m1">ai.ds.testlayer.BuyShare#buyFunctionalityWIPRO</h3><table class="result"><tr class="param"><th>Parameter #1</th></tr><tr class="param stripe"><td>TCS</td></tr><tr><th>Exception</th></tr><tr><td><div class="stacktrace">org.openqa.selenium.ElementNotInteractableException: element not interactable
  (Session info: chrome=108.0.5359.96)
Build info: version: &apos;4.5.3&apos;, revision: &apos;4b786a1e430&apos;
System info: os.name: &apos;Windows 10&apos;, os.arch: &apos;amd64&apos;, os.version: &apos;10.0&apos;, java.version: &apos;17&apos;
Driver info: org.openqa.selenium.chrome.ChromeDriver
Command: [32981ad704378ee17cf1215666fcf35f, clickElement {id=c69d442f-da8b-4546-9bdf-35c618257228}]
Capabilities {acceptInsecureCerts: false, browserName: chrome, browserVersion: 108.0.5359.96, chrome: {chromedriverVersion: 108.0.5359.71 (1e0e3868ee06..., userDataDir: C:\Users\232338\AppData\Loc...}, goog:chromeOptions: {debuggerAddress: localhost:60112}, networkConnectionEnabled: false, pageLoadStrategy: normal, platformName: WINDOWS, proxy: Proxy(), se:cdp: ws://localhost:60112/devtoo..., se:cdpVersion: 108.0.5359.96, setWindowRect: true, strictFileInteractability: false, timeouts: {implicit: 0, pageLoad: 300000, script: 30000}, unhandledPromptBehavior: dismiss and notify, webauthn:extension:credBlob: true, webauthn:extension:largeBlob: true, webauthn:virtualAuthenticators: true}
Element: [[ChromeDriver: chrome on WINDOWS (32981ad704378ee17cf1215666fcf35f)] -&gt; xpath: (//div[@class=&apos;m-4 card&apos;])[2]]
Session ID: 32981ad704378ee17cf1215666fcf35f
	at org.openqa.selenium.remote.codec.w3c.W3CHttpResponseCodec.createException(W3CHttpResponseCodec.java:200)
	at org.openqa.selenium.remote.codec.w3c.W3CHttpResponseCodec.decode(W3CHttpResponseCodec.java:133)
	at org.openqa.selenium.remote.codec.w3c.W3CHttpResponseCodec.decode(W3CHttpResponseCodec.java:53)
	at org.openqa.selenium.remote.HttpCommandExecutor.execute(HttpCommandExecutor.java:184)
	at org.openqa.selenium.remote.service.DriverCommandExecutor.invokeExecute(DriverCommandExecutor.java:167)
	at org.openqa.selenium.remote.service.DriverCommandExecutor.execute(DriverCommandExecutor.java:142)
	at org.openqa.selenium.remote.RemoteWebDriver.execute(RemoteWebDriver.java:541)
	at org.openqa.selenium.remote.RemoteWebElement.execute(RemoteWebElement.java:257)
	at org.openqa.selenium.remote.RemoteWebElement.click(RemoteWebElement.java:78)
	at org.openqa.selenium.support.pagefactory.internal.LocatingElementHandler.invoke(LocatingElementHandler.java:52)
	at jdk.proxy2/jdk.proxy2.$Proxy19.click(Unknown Source)
	at ai.ds.pagelayer.DashboardPage.selectOption(DashboardPage.java:35)
	at ai.ds.testlayer.BuyShare.buyFunctionalityWIPRO(BuyShare.java:24)
	at java.base/java.util.ArrayList.forEach(ArrayList.java:1511)
... Removed 35 stack frames</div></td></tr></table><p class="totop"><a href="#summary">back to summary</a></p>
<h3 id="m2">ai.ds.testlayer.BuyShare#buyFunctionalityWIPRO</h3><table class="result"><tr class="param"><th>Parameter #1</th></tr><tr class="param stripe"><td>WIPRO</td></tr></table><p class="totop"><a href="#summary">back to summary</a></p>
<h3 id="m3">ai.ds.testlayer.BuyShare#buyFunctionalityWIPRO</h3><table class="result"><tr class="param"><th>Parameter #1</th></tr><tr class="param stripe"><td>Tech Mahindra</td></tr></table><p class="totop"><a href="#summary">back to summary</a></p>
<h3 id="m4">ai.ds.testlayer.LoginPageTest#verifyLoginTest</h3><table class="result"><tr><th class="invisible"/></tr></table><p class="totop"><a href="#summary">back to summary</a></p>
<h3 id="m5">ai.ds.testlayer.TransactionsTest#getDataFromTransactions</h3><table class="result"><tr><th class="invisible"/></tr></table><p class="totop"><a href="#summary">back to summary</a></p>
</body>
</html>
